a5y0GM/+fTFSs/3ybNypZUorJm4eOiU8F6eIu0kTN+DtjqZBKqLKICt6OM66vQxRwPDfIUwdrM2U2TwjrmiwXAZ7z34q8LwNQUh7XETxKzd+GHEPLiAXZaMA
B3pRPuW8aIYXTM4TYWryvpkV9ADVUfEypus+c5GcX/Xcuj1qnzkSXh8uarVhFqVQgfHhOatQzDVEprn7gELlIX6jGQ==
3qpuyIbkPgJsTC44OWRI9JqEUF1vtUUTeRiDiTqr3B9GRl9E/XwJxsoNH6dxdAEqJk02Kq7F2vah7Kqo+3qK0xJYw75se0oLPBhiDQgYg72Vl8Im+/ad/kjBW/4/FHPRk71xOPbB5jZ7z/qKf0VMoys=
TogNL7lE+d+GmQdszqINwxAgWMWSm/eGOvBCaljYnw14D8J2NX6o9QS6dbZ7zg5tzaYZGEWxJXFXICBtYIadw6xS+Sl6ox0=
8OM2vv1d2l+jIhe1Pu/Q6hEgWMWSm/eGOvBCaljYnw14D8J2NX6o9QS6dbZ7zg5tzaYZGEWxJXFXICBtYIadw6xS+Sl6ox0=
9q+1PFeX5311YxAJjdwMHxIgWMWSm/eGOvBCaljYnw14D8J2NX6o9QS6dbZ7zg5tzaYZGEWxJXFXICBtYIadw6xS+Sl6ox0=
0kEh8872EW6szhaB/SZLOBMgWMWSm/eGOvBCaljYnw14D8J2NX6o9QS6dbZ7zg5tzaYZGEWxJXFXICBtYIadw6xS+Sl6ox0=
fcj/c54LSY+BujuDxj6i2xQgWMWSm/eGOvBCaljYnw14D8J2NX6o9QS6dbZ7zg5tzaYZGEWxJXFXICBtYIadw6xS+Sl6ox0=
Ek5XVSFTYYcd9DCTfbuiIB4599h9RI+9Xts7Pm4gNoIEeCOl7H827rn+JG1wSuEex27SBTn2zaAJcWmJA/AURbzmYau4Ys0xdqMR
QtVPNlC4eYG1BpgSzCyOKR8599h9RI+9Xts7Pm4gNoIEeCOl7H827rn+JG1wSuEex27SBTn2zaAJcWmJA/AURbzmYau4Ys0xdqMR
Z0ZYOjiGfcbe09Pl2ONJ5Rw599h9RI+9Xts7Pm4gNoIEeCOl7H827rn+JG1wSuEex27SBTn2zaAJcWmJA/AURbzmYau4Ys0xdqMR
2GXpDJXaKT/Y0QeEgcq3UR0599h9RI+9Xts7Pm4gNoIEeCOl7H827rn+JG1wSuEex27SBTn2zacJcWmJA/AURbzmYau4Ys0xdqMR
gV05D6lE/YxcGir1e8O3zho599h9RI+9Xts7Pm4gNoIEeCOl7H827rn+JG1wSuEex27SBTn2zacJcWmJA/AURbzmYau4Ys0xdqMR
U+7lHE5hATYfd/K0T+KGuh4j8dhhXI69Xts7Pm4gNoIEeCOl7H827rn+JG1wSuEex27SBTn2zacJcWmJA/AURbzmYau4Ys0xdqMR
tnrhO4MAd24CuCF+iNKjUhs599h9RI+9Xts7Pm4gNoIEeCOl7H827rn+JG1wSuEex27SBTn2zacJcWmJA/AURbzmYau4Ys0xdqMR
M/sleysTSUKyYZyaIvrToxUgWMWSm/eGOvBCaljYnw14D8J2NX6o9QS6dbZ7zg5tzaYZH0WxJXFXICBtYIadw6xS+Sl6ox0=
/fm43AM2E9CZOhMn7rRvCRYgWMWSm/eGOvBCaljYnw14D8J2NX6o9QS6dbZ7zg5tzaYZH0WxJXFXICBtYIadw6xS+Sl6ox0=
4XeUcEVm/Ije/11iogI6RBcgWMWSm/eGOvBCaljYnw14D8J2NX6o9QS6dbZ7zg5tzaYZH0WxJXFXICBtYIadw6xS+Sl6ox0=
Dcs63/hS4oQbFalTgIfEqRggWMWSm/eGOvBCaljYnw14D8J2NX6o9QS6dbZ7zg5tzaYZH0WxJXFXICBtYIadw6xS+Sl6ox0=
s3gIedjZOtsgy97IgqJh6RkgWMWSm/eGOvBCaljYnw14D8J2NX6o9QS6dbZ7zg5tzaYZH0WxJXFXICBtYIadw6xS+Sl6ox0=
JJH9f/jPbnEge6eiy9mapK/13GtB0s2wRFwM76+DbsB/F2uUUIOstQh10ITzGTsNPMDeG3ONVtIEprblQ/yiZgVg4eYHjpy37+0uJp1tBtYDb6MO
DpodKD0QRQv98BxUwmbROGMU8ysXw6vIqOecuQCB8LgrXeuhlFReh8sppp7MktYZW/iyCu00oTp/aiw7Z5mOmsWpVvore6MS
lcw9XMwjPBe3ZCFKQUTpEWJE1CsXw6vIqOecuQCB8LgrXeuhlFReh8sppp7MktYZW/iyCu00oTp/aiw7Z5mOmsWpVvore6MS
2zYtnfL+LEA4WL+nftVX+R4h+9hkUpC9Xts7Pm4gNoIEeCOl7H827rn+JG1wSuEex27SBTn2zacJcWmJA/AURbzmYau4Ys0xdqMR
Tx+i2WRYm92unjYXQSIeEhg599h9RI+9Xts7Pm4gNoIEeCOl7H827rn+JG1wSuEex27SBTn2zacJcWmJA/AURbzmYau4Ys0xdqMR
Xyu7cwZziqRso84SH7PEvkUPYaPd1bDIaeFdakKL2gt9DMN9WDq54gOpfqZ7zg5tzaYZH0WxJXFXICBtYIadw6xS+Sl6ox0=
0DEdhhrh7v660HKsxgfdZEUPYaPd1bDIaeVfZEKL2gt9DMN9WDq54gOpfqZ7zg5tzaYZH0WxJXFXICBtYIadw6xS+Sl6ox0=
p/Vhc9Wdl81LCpY4BRx2eVERc8gl73rb7OgTBIOgaT0WlcoBFLYbI2E2NnWjjGJWJXDh9ie+XMcPfa62/Z1G5iN/ox4=
cKydAwRbPWg1TnHasC1QqFfdnnpul4RU+OeacarC4VOETvYNU/SCLtUIYY7Xxry//wVuzg3lpp7TB6Nm
ODi72hMCSLMghLbIATtUVqr2Cve4nUup3QF9VxNGBT5wkbNeZ+M7UVuNKdhekR524z/SqofVBKNj
X5rKTpu55aaT4Q95ukcTFp02cb0GXJZ0xhM/BsroYafB7itEJAlb3z4wQTeOuMcNo2g=
uWA5SR4qP1rK6mbCYy6k7Ffdnnpul4RU+OeacarC4VOETvYNU/SCLtUNYYDXxry//wVuzg3lpp7TB6Nm
M2s3r1e4gWkLFrzxtZo+F6r2Cve4nUup3QF9VxNGBT5wkbNeZ+M+UVWNKdhekR524z/SqofVBKNj
jvpRq7P3Xs0G5d2+IICHxTSrhgCvuSVXPY35gio3KCD12Yp++HcXaue65IpfXlxrwbzhblrdIr6z3gTie4wlPpDRU97Hox5RNU1JWP7RPnYDf3IqJxVkowM=
U7n8NGuIawDivORVZ0NFwPjMvg/plXg5vte/CWMKUIO6sGctMBZi03XKBR6+YuUqjruTCBsmABng/nEaXqqBuHfuQqVpNp2H/HFXaVMwxCUsZhFLCCI9EWajAQ==
RgZsWIud/sjgpuV1bpj8e2QzkgzGpN3m+/+XeEcm1pvJg0goe+3CEeGE+lLAaw7e0KfTTC52AuM7gd5WdHtWqtJu9i2TlAKOle1hYJdmPN8/JW7uTQUmPhNnowY=
WXP8foOC1t4pxJXkcGFLHHBpY3QX8tOwfnll3ZiSPysaY91q2ng0XQbc3NnjVkpQ+rFnTx4coK0+CD7wZtcXEpo86UOBCiOQdJ3zGx40aWMeLA9poww=
