oOqjIW1OkA/qjxj1Ib04XUorJm4eOiU8F6eIu0kTN+DtjqZBKqLKICt6OM66vQxRwPDfIUwdrM2U2TwjrmiwXAZ7z34q8L0MQUl7XEDyKzd+GHEPLiAXZaMA
1NtWlr6/m3iaedSj4hvp/pkV9ADVUfEypus+c5GcX/Xcuj1qnzkSXh8uarVhFqVRhvHgOatUzzVEprn7gELlIX6jGQ==
tHCPKr7Bt4wIDnr3iKsogvnop4pT4rsQcigl10Vzrxc0DPAoit5+k3dEG6yK3upnD3VuawMdPuim4eQ2tEUDIwqw6lmtvdMFQhlRNcZ8XbS1oULe0HoWYeswkhI7myGDj2JI4PfxzmL14fZie1OjKg==
eCDnaDpsS3BHdfZ5wVY9YhAgWMWSm/eGOvBCaljYnw14D8J2NX6o9QS6dbZ7zg5tzaYZGUKxJHFXJCNtYIadw6xS+Sl6ox0=
/xRC6v924waGpxpfOgs+bREgWMWSm/eGOvBCaljYnw14D8J2NX6o9QS6dbZ7zg5tzaYZGUKxJHFXJCNtYIadw6xS+Sl6ox0=
QXCm6Ka8gA+KA96mtL1e/BIgWMWSm/eGOvBCaljYnw14D8J2NX6o9QS6dbZ7zg5tzaYZGUKxJHFXJCNtYIadw6xS+Sl6ox0=
B/jKFTPP16gMrt6QvNTPhRMgWMWSm/eGOvBCaljYnw14D8J2NX6o9QS6dbZ7zg5tzaYZGUKxJHFXJCNtYIadw6xS+Sl6ox0=
9cmM+c8t5pg/oTwtddsI2BQgWMWSm/eGOvBCaljYnw14D8J2NX6o9QS6dbZ7zg5tzaYZGUKxJHFXJCNtYIadw6xS+Sl6ox0=
7mWv4EKaWNMgrVdg0wN8hh4599h9RI+9Xts7Pm4gNoIEeCOl7H827rn+JG1wSuEex27SBTn2zaEOcWiJA/QXRbzmYau4Ys0xdqMR
MQy4O4FLcXQ/Sm603NFSjR8599h9RI+9Xts7Pm4gNoIEeCOl7H827rn+JG1wSuEex27SBTn2zaEOcWiJA/QXRbzmYau4Ys0xdqMR
G9lIwOK8hByrp3SdpMBR+xw599h9RI+9Xts7Pm4gNoIEeCOl7H827rn+JG1wSuEex27SBTn2zaEOcWiJA/QXRbzmYau4Ys0xdqMR
3b1Wrae6/0DYeAd49Pkr6x0599h9RI+9Xts7Pm4gNoIEeCOl7H827rn+JG1wSuEex27SBTn2zaEOcWiJA/QXRbzmYau4Ys0xdqMR
PifXdEORSUpmBlzNFC8uuho599h9RI+9Xts7Pm4gNoIEeCOl7H827rn+JG1wSuEex27SBTn2zaEOcWiJA/QXRbzmYau4Ys0xdqMR
Y8zryovegrpqhm2tcy3uOx4j8dhhXI69Xts7Pm4gNoIEeCOl7H827rn+JG1wSuEex27SBTn2zaEOcWiJA/QXRbzmYau4Ys0xdqMR
S3MhsffHqwvUeZ+ceBXtAxs599h9RI+9Xts7Pm4gNoIEeCOl7H827rn+JG1wSuEex27SBTn2zaEOcWiJA/QXRbzmYau4Ys0xdqMR
W0w1VP0slqgEZpko/74ORxUgWMWSm/eGOvBCaljYnw14D8J2NX6o9QS6dbZ7zg5tzaYZGUKxJHFXJCNtYIadw6xS+Sl6ox0=
JY1ieClOMbRB8Iivj3/n0hYgWMWSm/eGOvBCaljYnw14D8J2NX6o9QS6dbZ7zg5tzaYZGUKxJHFXJCNtYIadw6xS+Sl6ox0=
59Hudr00gCyQDlFPD2k/4xcgWMWSm/eGOvBCaljYnw14D8J2NX6o9QS6dbZ7zg5tzaYZGUKxJHFXJCNtYIadw6xS+Sl6ox0=
7sudMjqHuF8BK/UaysNrzBggWMWSm/eGOvBCaljYnw14D8J2NX6o9QS6dbZ7zg5tzaYZGUKxJHFXJCNtYIadw6xS+Sl6ox0=
Xm9lc66PVP/xsVv9Q2S7uxkgWMWSm/eGOvBCaljYnw14D8J2NX6o9QS6dbZ7zg5tzaYZGEKxJHFXJCNtYIadw6xS+Sl6ox0=
mXNzwijmmBQNtqW0CmC3CEUPYaPd1bDIaeFdakKL2gt9DMN9WDq54gOpfqZ7zg5tzaYZGEKxJHFXJCNtYIadw6xS+Sl6ox0=
DPXUEiFGi87D+1wJsQo2bkUPYaPd1bDIaeVfZEKL2gt9DMN9WDq54gOpfqZ7zg5tzaYZGEKxJHFXJCNtYIadw6xS+Sl6ox0=
YBvwc7RJHfDtpGJAgrDMcVERc8gl73rb7OgTBIOgaT0WlcoBFLYbI2E2NnWjjGJWInfh9ye+WMQPfa62/Z1G5iN/ox4=
uLXvb6hOQqiwvn6cpSe6Blfdnnpul4RU+OeacarC4VOETvYNU/SCLtIPYY/Xxri8/wVuzg3lpp7TB6Nm
1x5JPee0HzOOAsbxMez0Lar2Cve4nUup3QF9VxNGBT5wkbNeZ+Q8UVqNKdxdkR524z/SqofVBKNj
H5ocPrGGALud0Vj3gseOO502cb0GXJZ0xhM/BsroZ6bB7itEIApb3z4wQTeOuMcNo2g=
l9iPKzVW+UetBydXaLJrh1fdnnpul4RU+OeacarC4VOETvYNU/SCLtMMYYDXxri8/wVuzg3lpp7TB6Nm
qEKuXZ4ZdP+I8A54VWe14qr2Cve4nUup3QF9VxNGBT5wkbNeZ+U/UVWNKdxdkR524z/SqofVBKNj
YSaXE9vUlCVAJB17RV9bSzSrhgCvuSVXPY35gio3KCD12Yp++HcXaue65IpfXlxrwbzhblrdIr6z3gTie4wlPpDRU97HpR9RNU1JXP3RPnYDf3IqJxVkowM=
vajWUhQtbnreNl5YGd45AfjMvg/plXg5vte/CWMKUIO6sGctMBZi03XKBR6+YuUqjruTCBsmABng/nEaXqqBuHfuQqVpNp2B/XFXaVM0xyUsZhFLCCI9EWajAQ==
/FXtux5W9yZikRXuLx1dwGQzkgzGpN3m+/+XeEcm1pvJg0goe+3CEeGE+lLAaw7e0KfTTC52AuM7gd5WdHtWqtJu9i2TlAKOk+xhYJdmONw/JW7uTQUmPhNnowY=
526JYdVo2PrX6Bhe8kMfXHBpY3QX8tOwfnll3ZiSPysaY91q2ng0XQbc3NnjVkpQ+rFnTx4coK0+CD7wZtcXEpo870KBCiOQcJ7zGx40aWMeLA9poww=
